<?xml version="1.0" encoding="UTF-8"?>
<testsuite xmlns:xsi="http://www.w3.org/2001/XMLSchema-instance" xsi:noNamespaceSchemaLocation="https://maven.apache.org/surefire/maven-surefire-plugin/xsd/surefire-test-report-3.0.xsd" version="3.0" name="com.example.CarStationTest" time="0.069" tests="1" errors="0" skipped="0" failures="0">
  <properties>
[...]
</properties>
  <testcase name="testServeCars" classname="com.example.CarStationTest" time="0.045">
    <system-out><![CDATA[Refueling electric car Car1.
Serving dinner to people in car Car1.
Refueling electric car Car2.
Serving dinner to people in car Car2.
Refueling electric car Car6.
Serving dinner to people in car Car6.
Refueling electric car Car3.
Serving dinner to robots in car Car3.
Refueling gas car Car4.
Serving dinner to people in car Car4.
Refueling gas car Car5.
Serving dinner to robots in car Car5.
Electric:4 GAS:2
People:4 Robot:2
DINING:4 NOT_DINING:2
Electric:77 GAS:15
]]></system-out>
  </testcase>
</testsuite>